[2018-12-24 19:17:07] console.DEBUG: Command "pimcore:install" exited with code "2" {"command":"pimcore:install","code":2} []
[2018-12-24 19:17:29] console.DEBUG: Command "pimcore:install" exited with code "2" {"command":"pimcore:install","code":2} []
[2018-12-24 19:20:01] php.DEBUG: Notice: Undefined index: enabled {"exception":"[object] (Symfony\\Component\\Debug\\Exception\\SilencedErrorContext: {\"severity\":8,\"file\":\"/var/www/html/pimcore_bundles/vendor/pimcore/pimcore/bundles/EcommerceFrameworkBundle/DependencyInjection/Configuration.php\",\"line\":423,\"trace\":[{\"file\":\"/var/www/html/pimcore_bundles/vendor/symfony/symfony/src/Symfony/Component/Config/Definition/Builder/ExprBuilder.php\",\"line\":241,\"function\":\"Pimcore\\\\Bundle\\\\EcommerceFrameworkBundle\\\\DependencyInjection\\\\{closure}\",\"class\":\"Pimcore\\\\Bundle\\\\EcommerceFrameworkBundle\\\\DependencyInjection\\\\Configuration\",\"type\":\"->\"}],\"count\":1})"} []
[2018-12-24 19:20:02] php.INFO: User Deprecated: Doctrine\Common\Util\Inflector is deprecated. {"exception":"[object] (ErrorException(code: 0): User Deprecated: Doctrine\\Common\\Util\\Inflector is deprecated. at /var/www/html/pimcore_bundles/vendor/doctrine/common/lib/Doctrine/Common/Util/Inflector.php:8)"} []
[2018-12-24 19:20:03] php.INFO: User Deprecated: Autowiring services based on the types they implement is deprecated since Symfony 3.3 and won't be supported in version 4.0. You should alias the "Pimcore\Localization\LocaleService" service to "Pimcore\Localization\LocaleServiceInterface" instead. {"exception":"[object] (ErrorException(code: 0): User Deprecated: Autowiring services based on the types they implement is deprecated since Symfony 3.3 and won't be supported in version 4.0. You should alias the \"Pimcore\\Localization\\LocaleService\" service to \"Pimcore\\Localization\\LocaleServiceInterface\" instead. at /var/www/html/pimcore_bundles/vendor/symfony/symfony/src/Symfony/Component/DependencyInjection/Compiler/AutowirePass.php:307)"} []
[2018-12-24 19:20:03] php.INFO: User Deprecated: Autowiring services based on the types they implement is deprecated since Symfony 3.3 and won't be supported in version 4.0. You should alias the "Pimcore\Localization\LocaleService" service to "Pimcore\Localization\LocaleServiceInterface" instead. {"exception":"[object] (ErrorException(code: 0): User Deprecated: Autowiring services based on the types they implement is deprecated since Symfony 3.3 and won't be supported in version 4.0. You should alias the \"Pimcore\\Localization\\LocaleService\" service to \"Pimcore\\Localization\\LocaleServiceInterface\" instead. at /var/www/html/pimcore_bundles/vendor/symfony/symfony/src/Symfony/Component/DependencyInjection/Compiler/AutowirePass.php:307)"} []
[2018-12-24 19:20:03] php.INFO: User Deprecated: Autowiring services based on the types they implement is deprecated since Symfony 3.3 and won't be supported in version 4.0. You should alias the "Pimcore\Localization\LocaleService" service to "Pimcore\Localization\LocaleServiceInterface" instead. {"exception":"[object] (ErrorException(code: 0): User Deprecated: Autowiring services based on the types they implement is deprecated since Symfony 3.3 and won't be supported in version 4.0. You should alias the \"Pimcore\\Localization\\LocaleService\" service to \"Pimcore\\Localization\\LocaleServiceInterface\" instead. at /var/www/html/pimcore_bundles/vendor/symfony/symfony/src/Symfony/Component/DependencyInjection/Compiler/AutowirePass.php:307)"} []
[2018-12-24 19:20:03] php.INFO: User Deprecated: Autowiring services based on the types they implement is deprecated since Symfony 3.3 and won't be supported in version 4.0. You should alias the "Pimcore\Localization\LocaleService" service to "Pimcore\Localization\LocaleServiceInterface" instead. {"exception":"[object] (ErrorException(code: 0): User Deprecated: Autowiring services based on the types they implement is deprecated since Symfony 3.3 and won't be supported in version 4.0. You should alias the \"Pimcore\\Localization\\LocaleService\" service to \"Pimcore\\Localization\\LocaleServiceInterface\" instead. at /var/www/html/pimcore_bundles/vendor/symfony/symfony/src/Symfony/Component/DependencyInjection/Compiler/AutowirePass.php:307)"} []
[2018-12-24 19:20:03] php.INFO: User Deprecated: Autowiring services based on the types they implement is deprecated since Symfony 3.3 and won't be supported in version 4.0. You should rename (or alias) the "doctrine" service to "Doctrine\Common\Persistence\ConnectionRegistry" instead. {"exception":"[object] (ErrorException(code: 0): User Deprecated: Autowiring services based on the types they implement is deprecated since Symfony 3.3 and won't be supported in version 4.0. You should rename (or alias) the \"doctrine\" service to \"Doctrine\\Common\\Persistence\\ConnectionRegistry\" instead. at /var/www/html/pimcore_bundles/vendor/symfony/symfony/src/Symfony/Component/DependencyInjection/Compiler/AutowirePass.php:307)"} []
[2018-12-24 19:20:03] php.INFO: User Deprecated: Relying on service auto-registration for type "Pimcore\Translation\Escaper\Xliff12Escaper" is deprecated since Symfony 3.4 and won't be supported in 4.0. Create a service named "Pimcore\Translation\Escaper\Xliff12Escaper" instead. {"exception":"[object] (ErrorException(code: 0): User Deprecated: Relying on service auto-registration for type \"Pimcore\\Translation\\Escaper\\Xliff12Escaper\" is deprecated since Symfony 3.4 and won't be supported in 4.0. Create a service named \"Pimcore\\Translation\\Escaper\\Xliff12Escaper\" instead. at /var/www/html/pimcore_bundles/vendor/symfony/symfony/src/Symfony/Component/DependencyInjection/Compiler/AutowirePass.php:446)"} []
[2018-12-24 19:20:03] php.INFO: User Deprecated: Autowiring services based on the types they implement is deprecated since Symfony 3.3 and won't be supported in version 4.0. You should alias the "Pimcore\Localization\LocaleService" service to "Pimcore\Localization\LocaleServiceInterface" instead. {"exception":"[object] (ErrorException(code: 0): User Deprecated: Autowiring services based on the types they implement is deprecated since Symfony 3.3 and won't be supported in version 4.0. You should alias the \"Pimcore\\Localization\\LocaleService\" service to \"Pimcore\\Localization\\LocaleServiceInterface\" instead. at /var/www/html/pimcore_bundles/vendor/symfony/symfony/src/Symfony/Component/DependencyInjection/Compiler/AutowirePass.php:307)"} []
[2018-12-24 19:20:03] php.INFO: User Deprecated: Autowiring services based on the types they implement is deprecated since Symfony 3.3 and won't be supported in version 4.0. You should rename (or alias) the "twig.extension.weblink" service to "Symfony\Bridge\Twig\Extension\WebLinkExtension" instead. {"exception":"[object] (ErrorException(code: 0): User Deprecated: Autowiring services based on the types they implement is deprecated since Symfony 3.3 and won't be supported in version 4.0. You should rename (or alias) the \"twig.extension.weblink\" service to \"Symfony\\Bridge\\Twig\\Extension\\WebLinkExtension\" instead. at /var/www/html/pimcore_bundles/vendor/symfony/symfony/src/Symfony/Component/DependencyInjection/Compiler/AutowirePass.php:307)"} []
[2018-12-24 19:20:03] php.INFO: User Deprecated: Autowiring services based on the types they implement is deprecated since Symfony 3.3 and won't be supported in version 4.0. You should alias the "Pimcore\Localization\LocaleService" service to "Pimcore\Localization\LocaleServiceInterface" instead. {"exception":"[object] (ErrorException(code: 0): User Deprecated: Autowiring services based on the types they implement is deprecated since Symfony 3.3 and won't be supported in version 4.0. You should alias the \"Pimcore\\Localization\\LocaleService\" service to \"Pimcore\\Localization\\LocaleServiceInterface\" instead. at /var/www/html/pimcore_bundles/vendor/symfony/symfony/src/Symfony/Component/DependencyInjection/Compiler/AutowirePass.php:307)"} []
[2018-12-24 19:20:03] php.INFO: User Deprecated: Autowiring services based on the types they implement is deprecated since Symfony 3.3 and won't be supported in version 4.0. You should alias the "Pimcore\Localization\LocaleService" service to "Pimcore\Localization\LocaleServiceInterface" instead. {"exception":"[object] (ErrorException(code: 0): User Deprecated: Autowiring services based on the types they implement is deprecated since Symfony 3.3 and won't be supported in version 4.0. You should alias the \"Pimcore\\Localization\\LocaleService\" service to \"Pimcore\\Localization\\LocaleServiceInterface\" instead. at /var/www/html/pimcore_bundles/vendor/symfony/symfony/src/Symfony/Component/DependencyInjection/Compiler/AutowirePass.php:307)"} []
[2018-12-24 19:20:03] php.INFO: User Deprecated: Autowiring services based on the types they implement is deprecated since Symfony 3.3 and won't be supported in version 4.0. You should alias the "Pimcore\Localization\LocaleService" service to "Pimcore\Localization\LocaleServiceInterface" instead. {"exception":"[object] (ErrorException(code: 0): User Deprecated: Autowiring services based on the types they implement is deprecated since Symfony 3.3 and won't be supported in version 4.0. You should alias the \"Pimcore\\Localization\\LocaleService\" service to \"Pimcore\\Localization\\LocaleServiceInterface\" instead. at /var/www/html/pimcore_bundles/vendor/symfony/symfony/src/Symfony/Component/DependencyInjection/Compiler/AutowirePass.php:307)"} []
[2018-12-24 19:20:03] php.INFO: User Deprecated: Autowiring services based on the types they implement is deprecated since Symfony 3.3 and won't be supported in version 4.0. You should alias the "Pimcore\Localization\LocaleService" service to "Pimcore\Localization\LocaleServiceInterface" instead. {"exception":"[object] (ErrorException(code: 0): User Deprecated: Autowiring services based on the types they implement is deprecated since Symfony 3.3 and won't be supported in version 4.0. You should alias the \"Pimcore\\Localization\\LocaleService\" service to \"Pimcore\\Localization\\LocaleServiceInterface\" instead. at /var/www/html/pimcore_bundles/vendor/symfony/symfony/src/Symfony/Component/DependencyInjection/Compiler/AutowirePass.php:307)"} []
[2018-12-24 19:20:03] php.INFO: User Deprecated: Autowiring services based on the types they implement is deprecated since Symfony 3.3 and won't be supported in version 4.0. You should alias the "Pimcore\Localization\LocaleService" service to "Pimcore\Localization\LocaleServiceInterface" instead. {"exception":"[object] (ErrorException(code: 0): User Deprecated: Autowiring services based on the types they implement is deprecated since Symfony 3.3 and won't be supported in version 4.0. You should alias the \"Pimcore\\Localization\\LocaleService\" service to \"Pimcore\\Localization\\LocaleServiceInterface\" instead. at /var/www/html/pimcore_bundles/vendor/symfony/symfony/src/Symfony/Component/DependencyInjection/Compiler/AutowirePass.php:307)"} []
[2018-12-24 19:20:03] php.INFO: User Deprecated: Autowiring services based on the types they implement is deprecated since Symfony 3.3 and won't be supported in version 4.0. You should alias the "Pimcore\Localization\LocaleService" service to "Pimcore\Localization\LocaleServiceInterface" instead. {"exception":"[object] (ErrorException(code: 0): User Deprecated: Autowiring services based on the types they implement is deprecated since Symfony 3.3 and won't be supported in version 4.0. You should alias the \"Pimcore\\Localization\\LocaleService\" service to \"Pimcore\\Localization\\LocaleServiceInterface\" instead. at /var/www/html/pimcore_bundles/vendor/symfony/symfony/src/Symfony/Component/DependencyInjection/Compiler/AutowirePass.php:307)"} []
[2018-12-24 19:20:03] php.INFO: User Deprecated: Relying on service auto-registration for type "CustomerManagementFrameworkBundle\Import\CustomerImportService" is deprecated since Symfony 3.4 and won't be supported in 4.0. Create a service named "CustomerManagementFrameworkBundle\Import\CustomerImportService" instead. {"exception":"[object] (ErrorException(code: 0): User Deprecated: Relying on service auto-registration for type \"CustomerManagementFrameworkBundle\\Import\\CustomerImportService\" is deprecated since Symfony 3.4 and won't be supported in 4.0. Create a service named \"CustomerManagementFrameworkBundle\\Import\\CustomerImportService\" instead. at /var/www/html/pimcore_bundles/vendor/symfony/symfony/src/Symfony/Component/DependencyInjection/Compiler/AutowirePass.php:446)"} []
[2018-12-24 19:20:53] app.INFO: Importing DB file /var/www/html/pimcore_bundles/dump/data-0-bootstrap.sql {"dbFile":"/var/www/html/pimcore_bundles/dump/data-0-bootstrap.sql"} []
[2018-12-24 19:23:43] app.INFO: Importing DB file /var/www/html/pimcore_bundles/dump/data-1-assets.sql {"dbFile":"/var/www/html/pimcore_bundles/dump/data-1-assets.sql"} []
[2018-12-24 19:25:16] app.INFO: Importing DB file /var/www/html/pimcore_bundles/dump/data-1-assets_metadata.sql {"dbFile":"/var/www/html/pimcore_bundles/dump/data-1-assets_metadata.sql"} []
[2018-12-24 19:25:16] app.INFO: Importing DB file /var/www/html/pimcore_bundles/dump/data-1-bundle_advancedobjectsearch_savedsearch.sql {"dbFile":"/var/www/html/pimcore_bundles/dump/data-1-bundle_advancedobjectsearch_savedsearch.sql"} []
[2018-12-24 19:25:16] app.INFO: Importing DB file /var/www/html/pimcore_bundles/dump/data-1-bundle_advancedobjectsearch_update_queue.sql {"dbFile":"/var/www/html/pimcore_bundles/dump/data-1-bundle_advancedobjectsearch_update_queue.sql"} []
[2018-12-24 19:27:39] app.INFO: Importing DB file /var/www/html/pimcore_bundles/dump/data-1-bundle_outputdataconfigtoolkit_outputdefinition.sql {"dbFile":"/var/www/html/pimcore_bundles/dump/data-1-bundle_outputdataconfigtoolkit_outputdefinition.sql"} []
[2018-12-24 19:27:42] app.INFO: Importing DB file /var/www/html/pimcore_bundles/dump/data-1-bundle_web2print_favorite_outputdefinitions.sql {"dbFile":"/var/www/html/pimcore_bundles/dump/data-1-bundle_web2print_favorite_outputdefinitions.sql"} []
[2018-12-24 19:27:42] app.INFO: Importing DB file /var/www/html/pimcore_bundles/dump/data-1-classes.sql {"dbFile":"/var/www/html/pimcore_bundles/dump/data-1-classes.sql"} []
[2018-12-24 19:27:43] app.INFO: Importing DB file /var/www/html/pimcore_bundles/dump/data-1-classificationstore_collectionrelations.sql {"dbFile":"/var/www/html/pimcore_bundles/dump/data-1-classificationstore_collectionrelations.sql"} []
[2018-12-24 19:27:43] app.INFO: Importing DB file /var/www/html/pimcore_bundles/dump/data-1-classificationstore_collections.sql {"dbFile":"/var/www/html/pimcore_bundles/dump/data-1-classificationstore_collections.sql"} []
[2018-12-24 19:27:43] app.INFO: Importing DB file /var/www/html/pimcore_bundles/dump/data-1-classificationstore_groups.sql {"dbFile":"/var/www/html/pimcore_bundles/dump/data-1-classificationstore_groups.sql"} []
[2018-12-24 19:27:43] app.INFO: Importing DB file /var/www/html/pimcore_bundles/dump/data-1-classificationstore_keys.sql {"dbFile":"/var/www/html/pimcore_bundles/dump/data-1-classificationstore_keys.sql"} []
[2018-12-24 19:27:43] app.INFO: Importing DB file /var/www/html/pimcore_bundles/dump/data-1-classificationstore_relations.sql {"dbFile":"/var/www/html/pimcore_bundles/dump/data-1-classificationstore_relations.sql"} []
[2018-12-24 19:27:43] app.INFO: Importing DB file /var/www/html/pimcore_bundles/dump/data-1-classificationstore_stores.sql {"dbFile":"/var/www/html/pimcore_bundles/dump/data-1-classificationstore_stores.sql"} []
[2018-12-24 19:27:43] app.INFO: Importing DB file /var/www/html/pimcore_bundles/dump/data-1-custom_layouts.sql {"dbFile":"/var/www/html/pimcore_bundles/dump/data-1-custom_layouts.sql"} []
[2018-12-24 19:27:43] app.INFO: Importing DB file /var/www/html/pimcore_bundles/dump/data-1-dependencies.sql {"dbFile":"/var/www/html/pimcore_bundles/dump/data-1-dependencies.sql"} []
[2018-12-24 19:42:07] app.INFO: Importing DB file /var/www/html/pimcore_bundles/dump/data-1-documents.sql {"dbFile":"/var/www/html/pimcore_bundles/dump/data-1-documents.sql"} []
[2018-12-24 19:42:11] app.INFO: Importing DB file /var/www/html/pimcore_bundles/dump/data-1-documents_elements.sql {"dbFile":"/var/www/html/pimcore_bundles/dump/data-1-documents_elements.sql"} []
[2018-12-24 19:43:21] app.INFO: Importing DB file /var/www/html/pimcore_bundles/dump/data-1-documents_email.sql {"dbFile":"/var/www/html/pimcore_bundles/dump/data-1-documents_email.sql"} []
[2018-12-24 19:43:21] app.INFO: Importing DB file /var/www/html/pimcore_bundles/dump/data-1-documents_hardlink.sql {"dbFile":"/var/www/html/pimcore_bundles/dump/data-1-documents_hardlink.sql"} []
[2018-12-24 19:43:21] app.INFO: Importing DB file /var/www/html/pimcore_bundles/dump/data-1-documents_link.sql {"dbFile":"/var/www/html/pimcore_bundles/dump/data-1-documents_link.sql"} []
[2018-12-24 19:43:21] app.INFO: Importing DB file /var/www/html/pimcore_bundles/dump/data-1-documents_newsletter.sql {"dbFile":"/var/www/html/pimcore_bundles/dump/data-1-documents_newsletter.sql"} []
[2018-12-24 19:43:21] app.INFO: Importing DB file /var/www/html/pimcore_bundles/dump/data-1-documents_page.sql {"dbFile":"/var/www/html/pimcore_bundles/dump/data-1-documents_page.sql"} []
[2018-12-24 19:43:23] app.INFO: Importing DB file /var/www/html/pimcore_bundles/dump/data-1-documents_printpage.sql {"dbFile":"/var/www/html/pimcore_bundles/dump/data-1-documents_printpage.sql"} []
[2018-12-24 19:43:24] app.INFO: Importing DB file /var/www/html/pimcore_bundles/dump/data-1-documents_snippet.sql {"dbFile":"/var/www/html/pimcore_bundles/dump/data-1-documents_snippet.sql"} []
[2018-12-24 19:43:25] app.INFO: Importing DB file /var/www/html/pimcore_bundles/dump/data-1-documents_translations.sql {"dbFile":"/var/www/html/pimcore_bundles/dump/data-1-documents_translations.sql"} []
[2018-12-24 19:43:25] app.INFO: Importing DB file /var/www/html/pimcore_bundles/dump/data-1-ecommerceframework_cart.sql {"dbFile":"/var/www/html/pimcore_bundles/dump/data-1-ecommerceframework_cart.sql"} []
[2018-12-24 19:43:26] app.INFO: Importing DB file /var/www/html/pimcore_bundles/dump/data-1-ecommerceframework_cartcheckoutdata.sql {"dbFile":"/var/www/html/pimcore_bundles/dump/data-1-ecommerceframework_cartcheckoutdata.sql"} []
[2018-12-24 19:43:32] app.INFO: Importing DB file /var/www/html/pimcore_bundles/dump/data-1-ecommerceframework_cartitem.sql {"dbFile":"/var/www/html/pimcore_bundles/dump/data-1-ecommerceframework_cartitem.sql"} []
[2018-12-24 19:43:33] app.INFO: Importing DB file /var/www/html/pimcore_bundles/dump/data-1-ecommerceframework_optimized_productindex.sql {"dbFile":"/var/www/html/pimcore_bundles/dump/data-1-ecommerceframework_optimized_productindex.sql"} []
[2018-12-24 19:43:36] app.INFO: Importing DB file /var/www/html/pimcore_bundles/dump/data-1-ecommerceframework_optimized_productindex_relations.sql {"dbFile":"/var/www/html/pimcore_bundles/dump/data-1-ecommerceframework_optimized_productindex_relations.sql"} []
[2018-12-24 20:33:38] app.INFO: Importing DB file /var/www/html/pimcore_bundles/dump/data-1-ecommerceframework_pricing_rule.sql {"dbFile":"/var/www/html/pimcore_bundles/dump/data-1-ecommerceframework_pricing_rule.sql"} []
[2018-12-24 20:33:39] app.INFO: Importing DB file /var/www/html/pimcore_bundles/dump/data-1-ecommerceframework_productindex.sql {"dbFile":"/var/www/html/pimcore_bundles/dump/data-1-ecommerceframework_productindex.sql"} []
[2018-12-24 20:33:40] app.INFO: Importing DB file /var/www/html/pimcore_bundles/dump/data-1-ecommerceframework_productindex_relations.sql {"dbFile":"/var/www/html/pimcore_bundles/dump/data-1-ecommerceframework_productindex_relations.sql"} []
[2018-12-24 20:50:26] app.INFO: Importing DB file /var/www/html/pimcore_bundles/dump/data-1-ecommerceframework_productindex_store.sql {"dbFile":"/var/www/html/pimcore_bundles/dump/data-1-ecommerceframework_productindex_store.sql"} []
[2018-12-24 20:57:40] app.INFO: Importing DB file /var/www/html/pimcore_bundles/dump/data-1-ecommerceframework_vouchertoolkit_reservations.sql {"dbFile":"/var/www/html/pimcore_bundles/dump/data-1-ecommerceframework_vouchertoolkit_reservations.sql"} []
[2018-12-24 20:57:40] app.INFO: Importing DB file /var/www/html/pimcore_bundles/dump/data-1-ecommerceframework_vouchertoolkit_statistics.sql {"dbFile":"/var/www/html/pimcore_bundles/dump/data-1-ecommerceframework_vouchertoolkit_statistics.sql"} []
[2018-12-24 20:57:44] app.INFO: Importing DB file /var/www/html/pimcore_bundles/dump/data-1-ecommerceframework_vouchertoolkit_tokens.sql {"dbFile":"/var/www/html/pimcore_bundles/dump/data-1-ecommerceframework_vouchertoolkit_tokens.sql"} []
[2018-12-24 22:38:37] app.INFO: Importing DB file /var/www/html/pimcore_bundles/dump/data-1-element_workflow_state.sql {"dbFile":"/var/www/html/pimcore_bundles/dump/data-1-element_workflow_state.sql"} []
[2018-12-24 22:42:05] app.INFO: Importing DB file /var/www/html/pimcore_bundles/dump/data-1-email_blacklist.sql {"dbFile":"/var/www/html/pimcore_bundles/dump/data-1-email_blacklist.sql"} []
[2018-12-24 22:42:05] app.INFO: Importing DB file /var/www/html/pimcore_bundles/dump/data-1-glossary.sql {"dbFile":"/var/www/html/pimcore_bundles/dump/data-1-glossary.sql"} []
[2018-12-24 22:42:05] app.INFO: Importing DB file /var/www/html/pimcore_bundles/dump/data-1-gridconfig_favourites.sql {"dbFile":"/var/www/html/pimcore_bundles/dump/data-1-gridconfig_favourites.sql"} []
[2018-12-24 22:42:05] app.INFO: Importing DB file /var/www/html/pimcore_bundles/dump/data-1-gridconfig_shares.sql {"dbFile":"/var/www/html/pimcore_bundles/dump/data-1-gridconfig_shares.sql"} []
[2018-12-24 22:42:05] app.INFO: Importing DB file /var/www/html/pimcore_bundles/dump/data-1-gridconfigs.sql {"dbFile":"/var/www/html/pimcore_bundles/dump/data-1-gridconfigs.sql"} []
[2018-12-24 22:42:05] app.INFO: Importing DB file /var/www/html/pimcore_bundles/dump/data-1-importconfig_shares.sql {"dbFile":"/var/www/html/pimcore_bundles/dump/data-1-importconfig_shares.sql"} []
[2018-12-24 22:42:05] app.INFO: Importing DB file /var/www/html/pimcore_bundles/dump/data-1-importconfigs.sql {"dbFile":"/var/www/html/pimcore_bundles/dump/data-1-importconfigs.sql"} []
[2018-12-24 22:42:05] app.INFO: Importing DB file /var/www/html/pimcore_bundles/dump/data-1-notes.sql {"dbFile":"/var/www/html/pimcore_bundles/dump/data-1-notes.sql"} []
[2018-12-24 22:42:19] app.INFO: Importing DB file /var/www/html/pimcore_bundles/dump/data-1-notes_data.sql {"dbFile":"/var/www/html/pimcore_bundles/dump/data-1-notes_data.sql"} []
[2018-12-24 22:42:30] app.INFO: Importing DB file /var/www/html/pimcore_bundles/dump/data-1-object_brick_query_OAuth1Token_38.sql {"dbFile":"/var/www/html/pimcore_bundles/dump/data-1-object_brick_query_OAuth1Token_38.sql"} []
[2018-12-24 22:42:31] app.INFO: Importing DB file /var/www/html/pimcore_bundles/dump/data-1-object_brick_query_OAuth2Token_38.sql {"dbFile":"/var/www/html/pimcore_bundles/dump/data-1-object_brick_query_OAuth2Token_38.sql"} []
[2018-12-24 22:42:31] app.INFO: Importing DB file /var/www/html/pimcore_bundles/dump/data-1-object_brick_query_PaymentProviderDatatrans_9.sql {"dbFile":"/var/www/html/pimcore_bundles/dump/data-1-object_brick_query_PaymentProviderDatatrans_9.sql"} []
[2018-12-24 22:42:31] app.INFO: Importing DB file /var/www/html/pimcore_bundles/dump/data-1-object_brick_query_PaymentProviderMpay24_9.sql {"dbFile":"/var/www/html/pimcore_bundles/dump/data-1-object_brick_query_PaymentProviderMpay24_9.sql"} []
[2018-12-24 22:42:31] app.INFO: Importing DB file /var/www/html/pimcore_bundles/dump/data-1-object_brick_query_PaymentProviderOGone_9.sql {"dbFile":"/var/www/html/pimcore_bundles/dump/data-1-object_brick_query_PaymentProviderOGone_9.sql"} []
[2018-12-24 22:42:32] app.INFO: Importing DB file /var/www/html/pimcore_bundles/dump/data-1-object_brick_query_PaymentProviderPayPal_9.sql {"dbFile":"/var/www/html/pimcore_bundles/dump/data-1-object_brick_query_PaymentProviderPayPal_9.sql"} []
[2018-12-24 22:42:32] app.INFO: Importing DB file /var/www/html/pimcore_bundles/dump/data-1-object_brick_query_PaymentProviderQpay_9.sql {"dbFile":"/var/www/html/pimcore_bundles/dump/data-1-object_brick_query_PaymentProviderQpay_9.sql"} []
[2018-12-24 22:42:43] app.INFO: Importing DB file /var/www/html/pimcore_bundles/dump/data-1-object_brick_query_PaymentProviderWirecardSeamless_9.sql {"dbFile":"/var/www/html/pimcore_bundles/dump/data-1-object_brick_query_PaymentProviderWirecardSeamless_9.sql"} []
[2018-12-24 22:42:46] app.INFO: Importing DB file /var/www/html/pimcore_bundles/dump/data-1-object_brick_query_apparel_12.sql {"dbFile":"/var/www/html/pimcore_bundles/dump/data-1-object_brick_query_apparel_12.sql"} []
[2018-12-24 22:43:47] app.INFO: Importing DB file /var/www/html/pimcore_bundles/dump/data-1-object_brick_query_approvals_12.sql {"dbFile":"/var/www/html/pimcore_bundles/dump/data-1-object_brick_query_approvals_12.sql"} []
[2018-12-24 22:43:54] app.INFO: Importing DB file /var/www/html/pimcore_bundles/dump/data-1-object_brick_query_featuresBenefitsBackpacks_12.sql {"dbFile":"/var/www/html/pimcore_bundles/dump/data-1-object_brick_query_featuresBenefitsBackpacks_12.sql"} []
[2018-12-24 22:43:54] app.INFO: Importing DB file /var/www/html/pimcore_bundles/dump/data-1-object_brick_query_featuresBenefitsMats_12.sql {"dbFile":"/var/www/html/pimcore_bundles/dump/data-1-object_brick_query_featuresBenefitsMats_12.sql"} []
[2018-12-24 22:43:55] app.INFO: Importing DB file /var/www/html/pimcore_bundles/dump/data-1-object_brick_query_featuresBenefitsShoes_12.sql {"dbFile":"/var/www/html/pimcore_bundles/dump/data-1-object_brick_query_featuresBenefitsShoes_12.sql"} []
[2018-12-24 22:44:01] app.INFO: Importing DB file /var/www/html/pimcore_bundles/dump/data-1-object_brick_query_featuresBenefitsSleepingbags_12.sql {"dbFile":"/var/www/html/pimcore_bundles/dump/data-1-object_brick_query_featuresBenefitsSleepingbags_12.sql"} []
[2018-12-24 22:44:01] app.INFO: Importing DB file /var/www/html/pimcore_bundles/dump/data-1-object_brick_query_featuresBenefitsTents_12.sql {"dbFile":"/var/www/html/pimcore_bundles/dump/data-1-object_brick_query_featuresBenefitsTents_12.sql"} []
[2018-12-24 22:44:01] app.INFO: Importing DB file /var/www/html/pimcore_bundles/dump/data-1-object_brick_query_featuresHeadlamps_12.sql {"dbFile":"/var/www/html/pimcore_bundles/dump/data-1-object_brick_query_featuresHeadlamps_12.sql"} []
[2018-12-24 22:44:02] app.INFO: Importing DB file /var/www/html/pimcore_bundles/dump/data-1-object_brick_query_matsSpecs_12.sql {"dbFile":"/var/www/html/pimcore_bundles/dump/data-1-object_brick_query_matsSpecs_12.sql"} []
[2018-12-24 22:44:06] app.INFO: Importing DB file /var/www/html/pimcore_bundles/dump/data-1-object_brick_query_outdoor_12.sql {"dbFile":"/var/www/html/pimcore_bundles/dump/data-1-object_brick_query_outdoor_12.sql"} []
[2018-12-24 22:45:18] app.INFO: Importing DB file /var/www/html/pimcore_bundles/dump/data-1-object_brick_query_rucksackSpecs_12.sql {"dbFile":"/var/www/html/pimcore_bundles/dump/data-1-object_brick_query_rucksackSpecs_12.sql"} []
[2018-12-24 22:45:58] app.INFO: Importing DB file /var/www/html/pimcore_bundles/dump/data-1-object_brick_query_shoeDetails_12.sql {"dbFile":"/var/www/html/pimcore_bundles/dump/data-1-object_brick_query_shoeDetails_12.sql"} []
[2018-12-24 22:46:16] app.INFO: Importing DB file /var/www/html/pimcore_bundles/dump/data-1-object_brick_query_shoe_12.sql {"dbFile":"/var/www/html/pimcore_bundles/dump/data-1-object_brick_query_shoe_12.sql"} []
[2018-12-24 22:47:14] app.INFO: Importing DB file /var/www/html/pimcore_bundles/dump/data-1-object_brick_query_snowsport_12.sql {"dbFile":"/var/www/html/pimcore_bundles/dump/data-1-object_brick_query_snowsport_12.sql"} []
[2018-12-24 22:48:16] app.INFO: Importing DB file /var/www/html/pimcore_bundles/dump/data-1-object_brick_query_specsSleepingbags_12.sql {"dbFile":"/var/www/html/pimcore_bundles/dump/data-1-object_brick_query_specsSleepingbags_12.sql"} []
[2018-12-24 22:48:41] app.INFO: Importing DB file /var/www/html/pimcore_bundles/dump/data-1-object_brick_query_tentGroundsheet_12.sql {"dbFile":"/var/www/html/pimcore_bundles/dump/data-1-object_brick_query_tentGroundsheet_12.sql"} []
[2018-12-24 22:48:41] app.INFO: Importing DB file /var/www/html/pimcore_bundles/dump/data-1-object_brick_query_tentSpecifications_12.sql {"dbFile":"/var/www/html/pimcore_bundles/dump/data-1-object_brick_query_tentSpecifications_12.sql"} []
[2018-12-24 22:48:56] app.INFO: Importing DB file /var/www/html/pimcore_bundles/dump/data-1-object_brick_query_weight_12.sql {"dbFile":"/var/www/html/pimcore_bundles/dump/data-1-object_brick_query_weight_12.sql"} []
[2018-12-24 22:48:57] app.INFO: Importing DB file /var/www/html/pimcore_bundles/dump/data-1-object_brick_store_OAuth1Token_38.sql {"dbFile":"/var/www/html/pimcore_bundles/dump/data-1-object_brick_store_OAuth1Token_38.sql"} []
[2018-12-24 22:48:57] app.INFO: Importing DB file /var/www/html/pimcore_bundles/dump/data-1-object_brick_store_OAuth2Token_38.sql {"dbFile":"/var/www/html/pimcore_bundles/dump/data-1-object_brick_store_OAuth2Token_38.sql"} []
[2018-12-24 22:48:57] app.INFO: Importing DB file /var/www/html/pimcore_bundles/dump/data-1-object_brick_store_PaymentProviderDatatrans_9.sql {"dbFile":"/var/www/html/pimcore_bundles/dump/data-1-object_brick_store_PaymentProviderDatatrans_9.sql"} []
[2018-12-24 22:48:57] app.INFO: Importing DB file /var/www/html/pimcore_bundles/dump/data-1-object_brick_store_PaymentProviderMpay24_9.sql {"dbFile":"/var/www/html/pimcore_bundles/dump/data-1-object_brick_store_PaymentProviderMpay24_9.sql"} []
[2018-12-24 22:48:57] app.INFO: Importing DB file /var/www/html/pimcore_bundles/dump/data-1-object_brick_store_PaymentProviderOGone_9.sql {"dbFile":"/var/www/html/pimcore_bundles/dump/data-1-object_brick_store_PaymentProviderOGone_9.sql"} []
[2018-12-24 22:48:57] app.INFO: Importing DB file /var/www/html/pimcore_bundles/dump/data-1-object_brick_store_PaymentProviderPayPal_9.sql {"dbFile":"/var/www/html/pimcore_bundles/dump/data-1-object_brick_store_PaymentProviderPayPal_9.sql"} []
[2018-12-24 22:48:57] app.INFO: Importing DB file /var/www/html/pimcore_bundles/dump/data-1-object_brick_store_PaymentProviderQpay_9.sql {"dbFile":"/var/www/html/pimcore_bundles/dump/data-1-object_brick_store_PaymentProviderQpay_9.sql"} []
[2018-12-24 22:49:05] app.INFO: Importing DB file /var/www/html/pimcore_bundles/dump/data-1-object_brick_store_PaymentProviderWirecardSeamless_9.sql {"dbFile":"/var/www/html/pimcore_bundles/dump/data-1-object_brick_store_PaymentProviderWirecardSeamless_9.sql"} []
[2018-12-24 22:49:07] app.INFO: Importing DB file /var/www/html/pimcore_bundles/dump/data-1-object_brick_store_apparel_12.sql {"dbFile":"/var/www/html/pimcore_bundles/dump/data-1-object_brick_store_apparel_12.sql"} []
[2018-12-24 22:49:42] app.INFO: Importing DB file /var/www/html/pimcore_bundles/dump/data-1-object_brick_store_approvals_12.sql {"dbFile":"/var/www/html/pimcore_bundles/dump/data-1-object_brick_store_approvals_12.sql"} []
[2018-12-24 22:49:48] app.INFO: Importing DB file /var/www/html/pimcore_bundles/dump/data-1-object_brick_store_featuresBenefitsBackpacks_12.sql {"dbFile":"/var/www/html/pimcore_bundles/dump/data-1-object_brick_store_featuresBenefitsBackpacks_12.sql"} []
[2018-12-24 22:49:49] app.INFO: Importing DB file /var/www/html/pimcore_bundles/dump/data-1-object_brick_store_featuresBenefitsMats_12.sql {"dbFile":"/var/www/html/pimcore_bundles/dump/data-1-object_brick_store_featuresBenefitsMats_12.sql"} []
[2018-12-24 22:49:49] app.INFO: Importing DB file /var/www/html/pimcore_bundles/dump/data-1-object_brick_store_featuresBenefitsShoes_12.sql {"dbFile":"/var/www/html/pimcore_bundles/dump/data-1-object_brick_store_featuresBenefitsShoes_12.sql"} []
[2018-12-24 22:49:55] app.INFO: Importing DB file /var/www/html/pimcore_bundles/dump/data-1-object_brick_store_featuresBenefitsSleepingbags_12.sql {"dbFile":"/var/www/html/pimcore_bundles/dump/data-1-object_brick_store_featuresBenefitsSleepingbags_12.sql"} []
[2018-12-24 22:49:56] app.INFO: Importing DB file /var/www/html/pimcore_bundles/dump/data-1-object_brick_store_featuresBenefitsTents_12.sql {"dbFile":"/var/www/html/pimcore_bundles/dump/data-1-object_brick_store_featuresBenefitsTents_12.sql"} []
[2018-12-24 22:49:56] app.INFO: Importing DB file /var/www/html/pimcore_bundles/dump/data-1-object_brick_store_featuresHeadlamps_12.sql {"dbFile":"/var/www/html/pimcore_bundles/dump/data-1-object_brick_store_featuresHeadlamps_12.sql"} []
[2018-12-24 22:49:57] app.INFO: Importing DB file /var/www/html/pimcore_bundles/dump/data-1-object_brick_store_matsSpecs_12.sql {"dbFile":"/var/www/html/pimcore_bundles/dump/data-1-object_brick_store_matsSpecs_12.sql"} []
[2018-12-24 22:50:00] app.INFO: Importing DB file /var/www/html/pimcore_bundles/dump/data-1-object_brick_store_outdoor_12.sql {"dbFile":"/var/www/html/pimcore_bundles/dump/data-1-object_brick_store_outdoor_12.sql"} []
[2018-12-24 22:51:37] app.INFO: Importing DB file /var/www/html/pimcore_bundles/dump/data-1-object_brick_store_rucksackSpecs_12.sql {"dbFile":"/var/www/html/pimcore_bundles/dump/data-1-object_brick_store_rucksackSpecs_12.sql"} []
[2018-12-24 22:52:31] app.INFO: Importing DB file /var/www/html/pimcore_bundles/dump/data-1-object_brick_store_shoeDetails_12.sql {"dbFile":"/var/www/html/pimcore_bundles/dump/data-1-object_brick_store_shoeDetails_12.sql"} []
[2018-12-24 22:52:46] app.INFO: Importing DB file /var/www/html/pimcore_bundles/dump/data-1-object_brick_store_shoe_12.sql {"dbFile":"/var/www/html/pimcore_bundles/dump/data-1-object_brick_store_shoe_12.sql"} []
[2018-12-24 22:53:21] app.INFO: Importing DB file /var/www/html/pimcore_bundles/dump/data-1-object_brick_store_snowsport_12.sql {"dbFile":"/var/www/html/pimcore_bundles/dump/data-1-object_brick_store_snowsport_12.sql"} []
[2018-12-24 22:53:45] app.INFO: Importing DB file /var/www/html/pimcore_bundles/dump/data-1-object_brick_store_specsSleepingbags_12.sql {"dbFile":"/var/www/html/pimcore_bundles/dump/data-1-object_brick_store_specsSleepingbags_12.sql"} []
[2018-12-24 22:53:59] app.INFO: Importing DB file /var/www/html/pimcore_bundles/dump/data-1-object_brick_store_tentGroundsheet_12.sql {"dbFile":"/var/www/html/pimcore_bundles/dump/data-1-object_brick_store_tentGroundsheet_12.sql"} []
[2018-12-24 22:53:59] app.INFO: Importing DB file /var/www/html/pimcore_bundles/dump/data-1-object_brick_store_tentSpecifications_12.sql {"dbFile":"/var/www/html/pimcore_bundles/dump/data-1-object_brick_store_tentSpecifications_12.sql"} []
[2018-12-24 22:54:09] app.INFO: Importing DB file /var/www/html/pimcore_bundles/dump/data-1-object_brick_store_weight_12.sql {"dbFile":"/var/www/html/pimcore_bundles/dump/data-1-object_brick_store_weight_12.sql"} []
[2018-12-24 22:54:09] app.INFO: Importing DB file /var/www/html/pimcore_bundles/dump/data-1-object_collection_FilterCategory_7.sql {"dbFile":"/var/www/html/pimcore_bundles/dump/data-1-object_collection_FilterCategory_7.sql"} []
[2018-12-24 22:54:10] app.INFO: Importing DB file /var/www/html/pimcore_bundles/dump/data-1-object_collection_FilterMultiRelation_7.sql {"dbFile":"/var/www/html/pimcore_bundles/dump/data-1-object_collection_FilterMultiRelation_7.sql"} []
[2018-12-24 22:54:10] app.INFO: Importing DB file /var/www/html/pimcore_bundles/dump/data-1-object_collection_FilterMultiSelectFromMultiSelect_7.sql {"dbFile":"/var/www/html/pimcore_bundles/dump/data-1-object_collection_FilterMultiSelectFromMultiSelect_7.sql"} []
[2018-12-24 22:54:11] app.INFO: Importing DB file /var/www/html/pimcore_bundles/dump/data-1-object_collection_FilterMultiSelect_7.sql {"dbFile":"/var/www/html/pimcore_bundles/dump/data-1-object_collection_FilterMultiSelect_7.sql"} []
[2018-12-24 22:54:11] app.INFO: Importing DB file /var/www/html/pimcore_bundles/dump/data-1-object_collection_FilterNumberRangeSelection_7.sql {"dbFile":"/var/www/html/pimcore_bundles/dump/data-1-object_collection_FilterNumberRangeSelection_7.sql"} []
[2018-12-24 22:54:12] app.INFO: Importing DB file /var/www/html/pimcore_bundles/dump/data-1-object_collection_FilterNumberRange_7.sql {"dbFile":"/var/www/html/pimcore_bundles/dump/data-1-object_collection_FilterNumberRange_7.sql"} []
[2018-12-24 22:54:12] app.INFO: Importing DB file /var/www/html/pimcore_bundles/dump/data-1-object_collection_FilterRelation_7.sql {"dbFile":"/var/www/html/pimcore_bundles/dump/data-1-object_collection_FilterRelation_7.sql"} []
[2018-12-24 22:54:12] app.INFO: Importing DB file /var/www/html/pimcore_bundles/dump/data-1-object_collection_FilterSelectFromMultiSelect_7.sql {"dbFile":"/var/www/html/pimcore_bundles/dump/data-1-object_collection_FilterSelectFromMultiSelect_7.sql"} []
[2018-12-24 22:54:12] app.INFO: Importing DB file /var/www/html/pimcore_bundles/dump/data-1-object_collection_FilterSelect_7.sql {"dbFile":"/var/www/html/pimcore_bundles/dump/data-1-object_collection_FilterSelect_7.sql"} []
[2018-12-24 22:54:12] app.INFO: Importing DB file /var/www/html/pimcore_bundles/dump/data-1-object_collection_OrderByFields_7.sql {"dbFile":"/var/www/html/pimcore_bundles/dump/data-1-object_collection_OrderByFields_7.sql"} []
[2018-12-24 22:54:12] app.INFO: Importing DB file /var/www/html/pimcore_bundles/dump/data-1-object_collection_OrderPriceModifications_9.sql {"dbFile":"/var/www/html/pimcore_bundles/dump/data-1-object_collection_OrderPriceModifications_9.sql"} []
[2018-12-24 22:54:18] app.INFO: Importing DB file /var/www/html/pimcore_bundles/dump/data-1-object_collection_PaymentInfo_9.sql {"dbFile":"/var/www/html/pimcore_bundles/dump/data-1-object_collection_PaymentInfo_9.sql"} []
[2018-12-24 22:54:26] app.INFO: Importing DB file /var/www/html/pimcore_bundles/dump/data-1-object_collection_PricingRule_8.sql {"dbFile":"/var/www/html/pimcore_bundles/dump/data-1-object_collection_PricingRule_8.sql"} []
[2018-12-24 22:54:27] app.INFO: Importing DB file /var/www/html/pimcore_bundles/dump/data-1-object_collection_SimilarityField_7.sql {"dbFile":"/var/www/html/pimcore_bundles/dump/data-1-object_collection_SimilarityField_7.sql"} []
[2018-12-24 22:54:28] app.INFO: Importing DB file /var/www/html/pimcore_bundles/dump/data-1-object_collection_TaxEntry_35.sql {"dbFile":"/var/www/html/pimcore_bundles/dump/data-1-object_collection_TaxEntry_35.sql"} []
[2018-12-24 22:54:28] app.INFO: Importing DB file /var/www/html/pimcore_bundles/dump/data-1-object_collection_TaxEntry_localized_35.sql {"dbFile":"/var/www/html/pimcore_bundles/dump/data-1-object_collection_TaxEntry_localized_35.sql"} []
[2018-12-24 22:54:29] app.INFO: Importing DB file /var/www/html/pimcore_bundles/dump/data-1-object_collection_VoucherTokenTypePattern_33.sql {"dbFile":"/var/www/html/pimcore_bundles/dump/data-1-object_collection_VoucherTokenTypePattern_33.sql"} []
[2018-12-24 22:54:29] app.INFO: Importing DB file /var/www/html/pimcore_bundles/dump/data-1-object_collection_VoucherTokenTypeSingle_33.sql {"dbFile":"/var/www/html/pimcore_bundles/dump/data-1-object_collection_VoucherTokenTypeSingle_33.sql"} []
[2018-12-24 22:54:30] app.INFO: Importing DB file /var/www/html/pimcore_bundles/dump/data-1-object_collection_productImages_12.sql {"dbFile":"/var/www/html/pimcore_bundles/dump/data-1-object_collection_productImages_12.sql"} []
[2018-12-24 22:58:40] app.INFO: Importing DB file /var/www/html/pimcore_bundles/dump/data-1-object_localized_data_12.sql {"dbFile":"/var/www/html/pimcore_bundles/dump/data-1-object_localized_data_12.sql"} []
[2018-12-24 23:20:53] app.INFO: Importing DB file /var/www/html/pimcore_bundles/dump/data-1-object_localized_data_14.sql {"dbFile":"/var/www/html/pimcore_bundles/dump/data-1-object_localized_data_14.sql"} []
[2018-12-24 23:20:58] app.INFO: Importing DB file /var/www/html/pimcore_bundles/dump/data-1-object_localized_data_15.sql {"dbFile":"/var/www/html/pimcore_bundles/dump/data-1-object_localized_data_15.sql"} []
[2018-12-24 23:20:59] app.INFO: Importing DB file /var/www/html/pimcore_bundles/dump/data-1-object_localized_data_16.sql {"dbFile":"/var/www/html/pimcore_bundles/dump/data-1-object_localized_data_16.sql"} []
[2018-12-24 23:21:07] app.INFO: Importing DB file /var/www/html/pimcore_bundles/dump/data-1-object_localized_data_23.sql {"dbFile":"/var/www/html/pimcore_bundles/dump/data-1-object_localized_data_23.sql"} []
[2018-12-24 23:21:14] app.INFO: Importing DB file /var/www/html/pimcore_bundles/dump/data-1-object_localized_data_35.sql {"dbFile":"/var/www/html/pimcore_bundles/dump/data-1-object_localized_data_35.sql"} []
[2018-12-24 23:21:14] app.INFO: Importing DB file /var/www/html/pimcore_bundles/dump/data-1-object_localized_query_12_de_AT.sql {"dbFile":"/var/www/html/pimcore_bundles/dump/data-1-object_localized_query_12_de_AT.sql"} []
[2018-12-24 23:26:59] app.INFO: Importing DB file /var/www/html/pimcore_bundles/dump/data-1-object_localized_query_12_en_GB.sql {"dbFile":"/var/www/html/pimcore_bundles/dump/data-1-object_localized_query_12_en_GB.sql"} []
[2018-12-24 23:37:35] app.INFO: Importing DB file /var/www/html/pimcore_bundles/dump/data-1-object_localized_query_12_fr_FR.sql {"dbFile":"/var/www/html/pimcore_bundles/dump/data-1-object_localized_query_12_fr_FR.sql"} []
[2018-12-24 23:47:39] app.INFO: Importing DB file /var/www/html/pimcore_bundles/dump/data-1-object_localized_query_14_de_AT.sql {"dbFile":"/var/www/html/pimcore_bundles/dump/data-1-object_localized_query_14_de_AT.sql"} []
[2018-12-24 23:47:42] app.INFO: Importing DB file /var/www/html/pimcore_bundles/dump/data-1-object_localized_query_14_en_GB.sql {"dbFile":"/var/www/html/pimcore_bundles/dump/data-1-object_localized_query_14_en_GB.sql"} []
[2018-12-24 23:47:46] app.INFO: Importing DB file /var/www/html/pimcore_bundles/dump/data-1-object_localized_query_14_fr_FR.sql {"dbFile":"/var/www/html/pimcore_bundles/dump/data-1-object_localized_query_14_fr_FR.sql"} []
[2018-12-24 23:47:50] app.INFO: Importing DB file /var/www/html/pimcore_bundles/dump/data-1-object_localized_query_15_de_AT.sql {"dbFile":"/var/www/html/pimcore_bundles/dump/data-1-object_localized_query_15_de_AT.sql"} []
[2018-12-24 23:47:50] app.INFO: Importing DB file /var/www/html/pimcore_bundles/dump/data-1-object_localized_query_15_en_GB.sql {"dbFile":"/var/www/html/pimcore_bundles/dump/data-1-object_localized_query_15_en_GB.sql"} []
[2018-12-24 23:47:51] app.INFO: Importing DB file /var/www/html/pimcore_bundles/dump/data-1-object_localized_query_15_fr_FR.sql {"dbFile":"/var/www/html/pimcore_bundles/dump/data-1-object_localized_query_15_fr_FR.sql"} []
[2018-12-24 23:47:51] app.INFO: Importing DB file /var/www/html/pimcore_bundles/dump/data-1-object_localized_query_16_de_AT.sql {"dbFile":"/var/www/html/pimcore_bundles/dump/data-1-object_localized_query_16_de_AT.sql"} []
[2018-12-24 23:47:51] app.INFO: Importing DB file /var/www/html/pimcore_bundles/dump/data-1-object_localized_query_16_en_GB.sql {"dbFile":"/var/www/html/pimcore_bundles/dump/data-1-object_localized_query_16_en_GB.sql"} []
[2018-12-24 23:47:59] app.INFO: Importing DB file /var/www/html/pimcore_bundles/dump/data-1-object_localized_query_16_fr_FR.sql {"dbFile":"/var/www/html/pimcore_bundles/dump/data-1-object_localized_query_16_fr_FR.sql"} []
[2018-12-24 23:47:59] app.INFO: Importing DB file /var/www/html/pimcore_bundles/dump/data-1-object_localized_query_23_de_AT.sql {"dbFile":"/var/www/html/pimcore_bundles/dump/data-1-object_localized_query_23_de_AT.sql"} []
[2018-12-24 23:48:00] app.INFO: Importing DB file /var/www/html/pimcore_bundles/dump/data-1-object_localized_query_23_en_GB.sql {"dbFile":"/var/www/html/pimcore_bundles/dump/data-1-object_localized_query_23_en_GB.sql"} []
[2018-12-24 23:48:05] app.INFO: Importing DB file /var/www/html/pimcore_bundles/dump/data-1-object_localized_query_23_fr_FR.sql {"dbFile":"/var/www/html/pimcore_bundles/dump/data-1-object_localized_query_23_fr_FR.sql"} []
[2018-12-24 23:48:06] app.INFO: Importing DB file /var/www/html/pimcore_bundles/dump/data-1-object_localized_query_35_de_AT.sql {"dbFile":"/var/www/html/pimcore_bundles/dump/data-1-object_localized_query_35_de_AT.sql"} []
[2018-12-24 23:48:06] app.INFO: Importing DB file /var/www/html/pimcore_bundles/dump/data-1-object_localized_query_35_en_GB.sql {"dbFile":"/var/www/html/pimcore_bundles/dump/data-1-object_localized_query_35_en_GB.sql"} []
[2018-12-24 23:48:06] app.INFO: Importing DB file /var/www/html/pimcore_bundles/dump/data-1-object_localized_query_35_fr_FR.sql {"dbFile":"/var/www/html/pimcore_bundles/dump/data-1-object_localized_query_35_fr_FR.sql"} []
[2018-12-24 23:48:06] app.INFO: Importing DB file /var/www/html/pimcore_bundles/dump/data-1-object_metadata_12.sql {"dbFile":"/var/www/html/pimcore_bundles/dump/data-1-object_metadata_12.sql"} []
[2018-12-24 23:48:39] app.INFO: Importing DB file /var/www/html/pimcore_bundles/dump/data-1-object_metadata_41.sql {"dbFile":"/var/www/html/pimcore_bundles/dump/data-1-object_metadata_41.sql"} []
[2018-12-24 23:48:41] app.INFO: Importing DB file /var/www/html/pimcore_bundles/dump/data-1-object_query_12.sql {"dbFile":"/var/www/html/pimcore_bundles/dump/data-1-object_query_12.sql"} []
[2018-12-24 23:54:19] app.INFO: Importing DB file /var/www/html/pimcore_bundles/dump/data-1-object_query_14.sql {"dbFile":"/var/www/html/pimcore_bundles/dump/data-1-object_query_14.sql"} []
[2018-12-24 23:54:23] app.INFO: Importing DB file /var/www/html/pimcore_bundles/dump/data-1-object_query_15.sql {"dbFile":"/var/www/html/pimcore_bundles/dump/data-1-object_query_15.sql"} []
[2018-12-24 23:54:24] app.INFO: Importing DB file /var/www/html/pimcore_bundles/dump/data-1-object_query_16.sql {"dbFile":"/var/www/html/pimcore_bundles/dump/data-1-object_query_16.sql"} []
[2018-12-24 23:54:33] app.INFO: Importing DB file /var/www/html/pimcore_bundles/dump/data-1-object_query_23.sql {"dbFile":"/var/www/html/pimcore_bundles/dump/data-1-object_query_23.sql"} []
[2018-12-24 23:54:37] app.INFO: Importing DB file /var/www/html/pimcore_bundles/dump/data-1-object_query_30.sql {"dbFile":"/var/www/html/pimcore_bundles/dump/data-1-object_query_30.sql"} []
[2018-12-24 23:54:38] app.INFO: Importing DB file /var/www/html/pimcore_bundles/dump/data-1-object_query_31.sql {"dbFile":"/var/www/html/pimcore_bundles/dump/data-1-object_query_31.sql"} []
[2018-12-24 23:54:38] app.INFO: Importing DB file /var/www/html/pimcore_bundles/dump/data-1-object_query_32.sql {"dbFile":"/var/www/html/pimcore_bundles/dump/data-1-object_query_32.sql"} []
[2018-12-24 23:54:38] app.INFO: Importing DB file /var/www/html/pimcore_bundles/dump/data-1-object_query_33.sql {"dbFile":"/var/www/html/pimcore_bundles/dump/data-1-object_query_33.sql"} []
[2018-12-24 23:54:38] app.INFO: Importing DB file /var/www/html/pimcore_bundles/dump/data-1-object_query_34.sql {"dbFile":"/var/www/html/pimcore_bundles/dump/data-1-object_query_34.sql"} []
[2018-12-24 23:54:40] app.INFO: Importing DB file /var/www/html/pimcore_bundles/dump/data-1-object_query_35.sql {"dbFile":"/var/www/html/pimcore_bundles/dump/data-1-object_query_35.sql"} []
[2018-12-24 23:54:40] app.INFO: Importing DB file /var/www/html/pimcore_bundles/dump/data-1-object_query_36.sql {"dbFile":"/var/www/html/pimcore_bundles/dump/data-1-object_query_36.sql"} []
[2018-12-24 23:54:41] app.INFO: Importing DB file /var/www/html/pimcore_bundles/dump/data-1-object_query_37.sql {"dbFile":"/var/www/html/pimcore_bundles/dump/data-1-object_query_37.sql"} []
[2018-12-24 23:54:43] app.INFO: Importing DB file /var/www/html/pimcore_bundles/dump/data-1-object_query_38.sql {"dbFile":"/var/www/html/pimcore_bundles/dump/data-1-object_query_38.sql"} []
[2018-12-24 23:54:43] app.INFO: Importing DB file /var/www/html/pimcore_bundles/dump/data-1-object_query_39.sql {"dbFile":"/var/www/html/pimcore_bundles/dump/data-1-object_query_39.sql"} []
[2018-12-24 23:54:43] app.INFO: Importing DB file /var/www/html/pimcore_bundles/dump/data-1-object_query_40.sql {"dbFile":"/var/www/html/pimcore_bundles/dump/data-1-object_query_40.sql"} []
[2018-12-24 23:54:43] app.INFO: Importing DB file /var/www/html/pimcore_bundles/dump/data-1-object_query_41.sql {"dbFile":"/var/www/html/pimcore_bundles/dump/data-1-object_query_41.sql"} []
[2018-12-24 23:54:43] app.INFO: Importing DB file /var/www/html/pimcore_bundles/dump/data-1-object_query_7.sql {"dbFile":"/var/www/html/pimcore_bundles/dump/data-1-object_query_7.sql"} []
[2018-12-24 23:54:44] app.INFO: Importing DB file /var/www/html/pimcore_bundles/dump/data-1-object_query_8.sql {"dbFile":"/var/www/html/pimcore_bundles/dump/data-1-object_query_8.sql"} []
[2018-12-24 23:54:50] app.INFO: Importing DB file /var/www/html/pimcore_bundles/dump/data-1-object_query_9.sql {"dbFile":"/var/www/html/pimcore_bundles/dump/data-1-object_query_9.sql"} []
[2018-12-24 23:54:55] app.INFO: Importing DB file /var/www/html/pimcore_bundles/dump/data-1-object_relations_12.sql {"dbFile":"/var/www/html/pimcore_bundles/dump/data-1-object_relations_12.sql"} []
[2018-12-25 00:00:28] app.INFO: Importing DB file /var/www/html/pimcore_bundles/dump/data-1-object_relations_14.sql {"dbFile":"/var/www/html/pimcore_bundles/dump/data-1-object_relations_14.sql"} []
[2018-12-25 00:00:30] app.INFO: Importing DB file /var/www/html/pimcore_bundles/dump/data-1-object_relations_15.sql {"dbFile":"/var/www/html/pimcore_bundles/dump/data-1-object_relations_15.sql"} []
[2018-12-25 00:00:30] app.INFO: Importing DB file /var/www/html/pimcore_bundles/dump/data-1-object_relations_16.sql {"dbFile":"/var/www/html/pimcore_bundles/dump/data-1-object_relations_16.sql"} []
[2018-12-25 00:00:30] app.INFO: Importing DB file /var/www/html/pimcore_bundles/dump/data-1-object_relations_23.sql {"dbFile":"/var/www/html/pimcore_bundles/dump/data-1-object_relations_23.sql"} []
[2018-12-25 00:00:35] app.INFO: Importing DB file /var/www/html/pimcore_bundles/dump/data-1-object_relations_30.sql {"dbFile":"/var/www/html/pimcore_bundles/dump/data-1-object_relations_30.sql"} []
[2018-12-25 00:00:35] app.INFO: Importing DB file /var/www/html/pimcore_bundles/dump/data-1-object_relations_31.sql {"dbFile":"/var/www/html/pimcore_bundles/dump/data-1-object_relations_31.sql"} []
[2018-12-25 00:00:35] app.INFO: Importing DB file /var/www/html/pimcore_bundles/dump/data-1-object_relations_32.sql {"dbFile":"/var/www/html/pimcore_bundles/dump/data-1-object_relations_32.sql"} []
[2018-12-25 00:00:35] app.INFO: Importing DB file /var/www/html/pimcore_bundles/dump/data-1-object_relations_33.sql {"dbFile":"/var/www/html/pimcore_bundles/dump/data-1-object_relations_33.sql"} []
[2018-12-25 00:00:35] app.INFO: Importing DB file /var/www/html/pimcore_bundles/dump/data-1-object_relations_34.sql {"dbFile":"/var/www/html/pimcore_bundles/dump/data-1-object_relations_34.sql"} []
[2018-12-25 00:00:36] app.INFO: Importing DB file /var/www/html/pimcore_bundles/dump/data-1-object_relations_35.sql {"dbFile":"/var/www/html/pimcore_bundles/dump/data-1-object_relations_35.sql"} []
[2018-12-25 00:00:36] app.INFO: Importing DB file /var/www/html/pimcore_bundles/dump/data-1-object_relations_36.sql {"dbFile":"/var/www/html/pimcore_bundles/dump/data-1-object_relations_36.sql"} []
[2018-12-25 00:00:36] app.INFO: Importing DB file /var/www/html/pimcore_bundles/dump/data-1-object_relations_37.sql {"dbFile":"/var/www/html/pimcore_bundles/dump/data-1-object_relations_37.sql"} []
[2018-12-25 00:00:41] app.INFO: Importing DB file /var/www/html/pimcore_bundles/dump/data-1-object_relations_38.sql {"dbFile":"/var/www/html/pimcore_bundles/dump/data-1-object_relations_38.sql"} []
[2018-12-25 00:00:41] app.INFO: Importing DB file /var/www/html/pimcore_bundles/dump/data-1-object_relations_39.sql {"dbFile":"/var/www/html/pimcore_bundles/dump/data-1-object_relations_39.sql"} []
[2018-12-25 00:00:41] app.INFO: Importing DB file /var/www/html/pimcore_bundles/dump/data-1-object_relations_40.sql {"dbFile":"/var/www/html/pimcore_bundles/dump/data-1-object_relations_40.sql"} []
[2018-12-25 00:00:41] app.INFO: Importing DB file /var/www/html/pimcore_bundles/dump/data-1-object_relations_41.sql {"dbFile":"/var/www/html/pimcore_bundles/dump/data-1-object_relations_41.sql"} []
[2018-12-25 00:00:44] app.INFO: Importing DB file /var/www/html/pimcore_bundles/dump/data-1-object_relations_7.sql {"dbFile":"/var/www/html/pimcore_bundles/dump/data-1-object_relations_7.sql"} []
[2018-12-25 00:00:44] app.INFO: Importing DB file /var/www/html/pimcore_bundles/dump/data-1-object_relations_8.sql {"dbFile":"/var/www/html/pimcore_bundles/dump/data-1-object_relations_8.sql"} []
[2018-12-25 00:00:50] app.INFO: Importing DB file /var/www/html/pimcore_bundles/dump/data-1-object_relations_9.sql {"dbFile":"/var/www/html/pimcore_bundles/dump/data-1-object_relations_9.sql"} []
[2018-12-25 00:00:56] app.INFO: Importing DB file /var/www/html/pimcore_bundles/dump/data-1-object_store_12.sql {"dbFile":"/var/www/html/pimcore_bundles/dump/data-1-object_store_12.sql"} []
[2018-12-25 00:06:38] app.INFO: Importing DB file /var/www/html/pimcore_bundles/dump/data-1-object_store_14.sql {"dbFile":"/var/www/html/pimcore_bundles/dump/data-1-object_store_14.sql"} []
[2018-12-25 00:06:42] app.INFO: Importing DB file /var/www/html/pimcore_bundles/dump/data-1-object_store_15.sql {"dbFile":"/var/www/html/pimcore_bundles/dump/data-1-object_store_15.sql"} []
[2018-12-25 00:06:44] app.INFO: Importing DB file /var/www/html/pimcore_bundles/dump/data-1-object_store_16.sql {"dbFile":"/var/www/html/pimcore_bundles/dump/data-1-object_store_16.sql"} []
[2018-12-25 00:06:52] app.INFO: Importing DB file /var/www/html/pimcore_bundles/dump/data-1-object_store_23.sql {"dbFile":"/var/www/html/pimcore_bundles/dump/data-1-object_store_23.sql"} []
[2018-12-25 00:06:56] app.INFO: Importing DB file /var/www/html/pimcore_bundles/dump/data-1-object_store_30.sql {"dbFile":"/var/www/html/pimcore_bundles/dump/data-1-object_store_30.sql"} []
[2018-12-25 00:06:57] app.INFO: Importing DB file /var/www/html/pimcore_bundles/dump/data-1-object_store_31.sql {"dbFile":"/var/www/html/pimcore_bundles/dump/data-1-object_store_31.sql"} []
[2018-12-25 00:06:57] app.INFO: Importing DB file /var/www/html/pimcore_bundles/dump/data-1-object_store_32.sql {"dbFile":"/var/www/html/pimcore_bundles/dump/data-1-object_store_32.sql"} []
[2018-12-25 00:06:57] app.INFO: Importing DB file /var/www/html/pimcore_bundles/dump/data-1-object_store_33.sql {"dbFile":"/var/www/html/pimcore_bundles/dump/data-1-object_store_33.sql"} []
[2018-12-25 00:06:57] app.INFO: Importing DB file /var/www/html/pimcore_bundles/dump/data-1-object_store_34.sql {"dbFile":"/var/www/html/pimcore_bundles/dump/data-1-object_store_34.sql"} []
[2018-12-25 00:06:57] app.INFO: Importing DB file /var/www/html/pimcore_bundles/dump/data-1-object_store_35.sql {"dbFile":"/var/www/html/pimcore_bundles/dump/data-1-object_store_35.sql"} []
[2018-12-25 00:06:58] app.INFO: Importing DB file /var/www/html/pimcore_bundles/dump/data-1-object_store_36.sql {"dbFile":"/var/www/html/pimcore_bundles/dump/data-1-object_store_36.sql"} []
[2018-12-25 00:06:58] app.INFO: Importing DB file /var/www/html/pimcore_bundles/dump/data-1-object_store_37.sql {"dbFile":"/var/www/html/pimcore_bundles/dump/data-1-object_store_37.sql"} []
[2018-12-25 00:07:00] app.INFO: Importing DB file /var/www/html/pimcore_bundles/dump/data-1-object_store_38.sql {"dbFile":"/var/www/html/pimcore_bundles/dump/data-1-object_store_38.sql"} []
[2018-12-25 00:07:00] app.INFO: Importing DB file /var/www/html/pimcore_bundles/dump/data-1-object_store_39.sql {"dbFile":"/var/www/html/pimcore_bundles/dump/data-1-object_store_39.sql"} []
[2018-12-25 00:07:00] app.INFO: Importing DB file /var/www/html/pimcore_bundles/dump/data-1-object_store_40.sql {"dbFile":"/var/www/html/pimcore_bundles/dump/data-1-object_store_40.sql"} []
[2018-12-25 00:07:00] app.INFO: Importing DB file /var/www/html/pimcore_bundles/dump/data-1-object_store_41.sql {"dbFile":"/var/www/html/pimcore_bundles/dump/data-1-object_store_41.sql"} []
[2018-12-25 00:07:01] app.INFO: Importing DB file /var/www/html/pimcore_bundles/dump/data-1-object_store_7.sql {"dbFile":"/var/www/html/pimcore_bundles/dump/data-1-object_store_7.sql"} []
[2018-12-25 00:07:01] app.INFO: Importing DB file /var/www/html/pimcore_bundles/dump/data-1-object_store_8.sql {"dbFile":"/var/www/html/pimcore_bundles/dump/data-1-object_store_8.sql"} []
[2018-12-25 00:07:07] app.INFO: Importing DB file /var/www/html/pimcore_bundles/dump/data-1-object_store_9.sql {"dbFile":"/var/www/html/pimcore_bundles/dump/data-1-object_store_9.sql"} []
[2018-12-25 00:07:12] app.INFO: Importing DB file /var/www/html/pimcore_bundles/dump/data-1-objects.sql {"dbFile":"/var/www/html/pimcore_bundles/dump/data-1-objects.sql"} []
[2018-12-25 00:13:48] app.INFO: Importing DB file /var/www/html/pimcore_bundles/dump/data-1-pimcore_migrations.sql {"dbFile":"/var/www/html/pimcore_bundles/dump/data-1-pimcore_migrations.sql"} []
[2018-12-25 00:13:49] app.INFO: Importing DB file /var/www/html/pimcore_bundles/dump/data-1-plugin_cmf_actiontrigger_actions.sql {"dbFile":"/var/www/html/pimcore_bundles/dump/data-1-plugin_cmf_actiontrigger_actions.sql"} []
[2018-12-25 00:13:49] app.INFO: Importing DB file /var/www/html/pimcore_bundles/dump/data-1-plugin_cmf_actiontrigger_queue.sql {"dbFile":"/var/www/html/pimcore_bundles/dump/data-1-plugin_cmf_actiontrigger_queue.sql"} []
[2018-12-25 00:13:50] app.INFO: Importing DB file /var/www/html/pimcore_bundles/dump/data-1-plugin_cmf_actiontrigger_rules.sql {"dbFile":"/var/www/html/pimcore_bundles/dump/data-1-plugin_cmf_actiontrigger_rules.sql"} []
[2018-12-25 00:13:50] app.INFO: Importing DB file /var/www/html/pimcore_bundles/dump/data-1-plugin_cmf_activities.sql {"dbFile":"/var/www/html/pimcore_bundles/dump/data-1-plugin_cmf_activities.sql"} []
[2018-12-25 00:13:52] app.INFO: Importing DB file /var/www/html/pimcore_bundles/dump/data-1-plugin_cmf_customer_filter_definition.sql {"dbFile":"/var/www/html/pimcore_bundles/dump/data-1-plugin_cmf_customer_filter_definition.sql"} []
[2018-12-25 00:13:52] app.INFO: Importing DB file /var/www/html/pimcore_bundles/dump/data-1-plugin_cmf_deletions.sql {"dbFile":"/var/www/html/pimcore_bundles/dump/data-1-plugin_cmf_deletions.sql"} []
[2018-12-25 00:13:55] app.INFO: Importing DB file /var/www/html/pimcore_bundles/dump/data-1-plugin_cmf_duplicates_false_positives.sql {"dbFile":"/var/www/html/pimcore_bundles/dump/data-1-plugin_cmf_duplicates_false_positives.sql"} []
[2018-12-25 00:13:55] app.INFO: Importing DB file /var/www/html/pimcore_bundles/dump/data-1-plugin_cmf_duplicatesindex.sql {"dbFile":"/var/www/html/pimcore_bundles/dump/data-1-plugin_cmf_duplicatesindex.sql"} []
[2018-12-25 00:13:56] app.INFO: Importing DB file /var/www/html/pimcore_bundles/dump/data-1-plugin_cmf_duplicatesindex_customers.sql {"dbFile":"/var/www/html/pimcore_bundles/dump/data-1-plugin_cmf_duplicatesindex_customers.sql"} []
[2018-12-25 00:13:57] app.INFO: Importing DB file /var/www/html/pimcore_bundles/dump/data-1-plugin_cmf_newsletter_queue.sql {"dbFile":"/var/www/html/pimcore_bundles/dump/data-1-plugin_cmf_newsletter_queue.sql"} []
[2018-12-25 00:13:57] app.INFO: Importing DB file /var/www/html/pimcore_bundles/dump/data-1-plugin_cmf_potential_duplicates.sql {"dbFile":"/var/www/html/pimcore_bundles/dump/data-1-plugin_cmf_potential_duplicates.sql"} []
[2018-12-25 00:13:57] app.INFO: Importing DB file /var/www/html/pimcore_bundles/dump/data-1-plugin_cmf_segment_assignment.sql {"dbFile":"/var/www/html/pimcore_bundles/dump/data-1-plugin_cmf_segment_assignment.sql"} []
[2018-12-25 00:13:57] app.INFO: Importing DB file /var/www/html/pimcore_bundles/dump/data-1-plugin_cmf_segment_assignment_index.sql {"dbFile":"/var/www/html/pimcore_bundles/dump/data-1-plugin_cmf_segment_assignment_index.sql"} []
[2018-12-25 00:13:57] app.INFO: Importing DB file /var/www/html/pimcore_bundles/dump/data-1-plugin_cmf_segment_assignment_queue.sql {"dbFile":"/var/www/html/pimcore_bundles/dump/data-1-plugin_cmf_segment_assignment_queue.sql"} []
[2018-12-25 00:13:57] app.INFO: Importing DB file /var/www/html/pimcore_bundles/dump/data-1-plugin_cmf_segmentbuilder_changes_queue.sql {"dbFile":"/var/www/html/pimcore_bundles/dump/data-1-plugin_cmf_segmentbuilder_changes_queue.sql"} []
[2018-12-25 00:13:59] app.INFO: Importing DB file /var/www/html/pimcore_bundles/dump/data-1-plugin_cmf_sequence_numbers.sql {"dbFile":"/var/www/html/pimcore_bundles/dump/data-1-plugin_cmf_sequence_numbers.sql"} []
[2018-12-25 00:13:59] app.INFO: Importing DB file /var/www/html/pimcore_bundles/dump/data-1-properties.sql {"dbFile":"/var/www/html/pimcore_bundles/dump/data-1-properties.sql"} []
[2018-12-25 00:14:09] app.INFO: Importing DB file /var/www/html/pimcore_bundles/dump/data-1-quantityvalue_units.sql {"dbFile":"/var/www/html/pimcore_bundles/dump/data-1-quantityvalue_units.sql"} []
[2018-12-25 00:14:09] app.INFO: Importing DB file /var/www/html/pimcore_bundles/dump/data-1-recyclebin.sql {"dbFile":"/var/www/html/pimcore_bundles/dump/data-1-recyclebin.sql"} []
[2018-12-25 00:14:09] app.INFO: Importing DB file /var/www/html/pimcore_bundles/dump/data-1-redirects.sql {"dbFile":"/var/www/html/pimcore_bundles/dump/data-1-redirects.sql"} []
[2018-12-25 00:14:09] app.INFO: Importing DB file /var/www/html/pimcore_bundles/dump/data-1-sanitycheck.sql {"dbFile":"/var/www/html/pimcore_bundles/dump/data-1-sanitycheck.sql"} []
[2018-12-25 00:14:09] app.INFO: Importing DB file /var/www/html/pimcore_bundles/dump/data-1-schedule_tasks.sql {"dbFile":"/var/www/html/pimcore_bundles/dump/data-1-schedule_tasks.sql"} []
[2018-12-25 00:14:09] app.INFO: Importing DB file /var/www/html/pimcore_bundles/dump/data-1-search_backend_data.sql {"dbFile":"/var/www/html/pimcore_bundles/dump/data-1-search_backend_data.sql"} []
[2018-12-25 00:22:17] app.INFO: Importing DB file /var/www/html/pimcore_bundles/dump/data-1-sites.sql {"dbFile":"/var/www/html/pimcore_bundles/dump/data-1-sites.sql"} []
[2018-12-25 00:22:17] app.INFO: Importing DB file /var/www/html/pimcore_bundles/dump/data-1-tags.sql {"dbFile":"/var/www/html/pimcore_bundles/dump/data-1-tags.sql"} []
[2018-12-25 00:22:17] app.INFO: Importing DB file /var/www/html/pimcore_bundles/dump/data-1-tags_assignment.sql {"dbFile":"/var/www/html/pimcore_bundles/dump/data-1-tags_assignment.sql"} []
[2018-12-25 00:22:17] app.INFO: Importing DB file /var/www/html/pimcore_bundles/dump/data-1-targeting_rules.sql {"dbFile":"/var/www/html/pimcore_bundles/dump/data-1-targeting_rules.sql"} []
[2018-12-25 00:22:19] app.INFO: Importing DB file /var/www/html/pimcore_bundles/dump/data-1-targeting_target_groups.sql {"dbFile":"/var/www/html/pimcore_bundles/dump/data-1-targeting_target_groups.sql"} []
[2018-12-25 00:22:20] app.INFO: Importing DB file /var/www/html/pimcore_bundles/dump/data-1-translations_admin.sql {"dbFile":"/var/www/html/pimcore_bundles/dump/data-1-translations_admin.sql"} []
[2018-12-25 00:48:01] app.INFO: Importing DB file /var/www/html/pimcore_bundles/dump/data-1-translations_website.sql {"dbFile":"/var/www/html/pimcore_bundles/dump/data-1-translations_website.sql"} []
[2018-12-25 00:49:47] app.INFO: Importing DB file /var/www/html/pimcore_bundles/dump/data-1-tree_locks.sql {"dbFile":"/var/www/html/pimcore_bundles/dump/data-1-tree_locks.sql"} []
[2018-12-25 00:49:47] app.INFO: Importing DB file /var/www/html/pimcore_bundles/dump/data-1-users.sql {"dbFile":"/var/www/html/pimcore_bundles/dump/data-1-users.sql"} []
[2018-12-25 00:49:48] app.INFO: Importing DB file /var/www/html/pimcore_bundles/dump/data-1-users_permission_definitions.sql {"dbFile":"/var/www/html/pimcore_bundles/dump/data-1-users_permission_definitions.sql"} []
[2018-12-25 00:49:51] app.INFO: Importing DB file /var/www/html/pimcore_bundles/dump/data-1-users_workspaces_asset.sql {"dbFile":"/var/www/html/pimcore_bundles/dump/data-1-users_workspaces_asset.sql"} []
[2018-12-25 00:49:51] app.INFO: Importing DB file /var/www/html/pimcore_bundles/dump/data-1-users_workspaces_document.sql {"dbFile":"/var/www/html/pimcore_bundles/dump/data-1-users_workspaces_document.sql"} []
[2018-12-25 00:49:51] app.INFO: Importing DB file /var/www/html/pimcore_bundles/dump/data-1-users_workspaces_object.sql {"dbFile":"/var/www/html/pimcore_bundles/dump/data-1-users_workspaces_object.sql"} []
[2018-12-25 00:49:51] app.INFO: Importing DB file /var/www/html/pimcore_bundles/dump/data-1-uuids.sql {"dbFile":"/var/www/html/pimcore_bundles/dump/data-1-uuids.sql"} []
[2018-12-25 00:50:02] app.INFO: Importing DB file /var/www/html/pimcore_bundles/dump/data-2-views.sql {"dbFile":"/var/www/html/pimcore_bundles/dump/data-2-views.sql"} []
[2018-12-25 00:50:07] app.INFO: Importing DB file /var/www/html/pimcore_bundles/dump/storedFunctionAsset.sql {"dbFile":"/var/www/html/pimcore_bundles/dump/storedFunctionAsset.sql"} []
[2018-12-25 00:50:07] app.INFO: Importing DB file /var/www/html/pimcore_bundles/dump/storedFunctionDocument.sql {"dbFile":"/var/www/html/pimcore_bundles/dump/storedFunctionDocument.sql"} []
[2018-12-25 00:50:07] app.INFO: Importing DB file /var/www/html/pimcore_bundles/dump/storedFunctionObject.sql {"dbFile":"/var/www/html/pimcore_bundles/dump/storedFunctionObject.sql"} []
[2018-12-25 00:50:10] app.INFO: Running assets:install command {"command":"assets:install"} []
[2018-12-25 00:50:19] app.INFO: Running assets:install command {"command":"assets:install"} []
